{"message":"listening at port 2022","level":"info"}
{"message":"listening at port 2022","level":"info"}
{"message":"listening at port 2022","level":"info"}
{"message":"connected to the database..","level":"info"}
{"message":"listening at port 2022","level":"info"}
{"message":"connected to the database..","level":"info"}
{"message":"listening at port 2022","level":"info"}
{"message":"connected to the database..","level":"info"}
{"message":"listening at port 2022","level":"info"}
{"message":"connected to the database..","level":"info"}
{"message":"listening at port 2022","level":"info"}
{"message":"connected to the database..","level":"info"}
{"message":"listening at port 2022","level":"info"}
{"message":"connected to the database..","level":"info"}
{"message":"listening at port 2022","level":"info"}
{"message":"connected to the database..","level":"info"}
{"message":"listening at port 2022","level":"info"}
{"message":"connected to the database..","level":"info"}
{"message":"listening at port 2022","level":"info"}
{"message":"connected to the database..","level":"info"}
{"message":"listening at port 2022","level":"info"}
{"message":"connected to the database..","level":"info"}
{"message":"listening at port 2022","level":"info"}
{"message":"connected to the database..","level":"info"}
{"message":"listening at port 2022","level":"info"}
{"message":"connected to the database..","level":"info"}
{"message":"listening at port 2022","level":"info"}
{"message":"connected to the database..","level":"info"}
{"message":"listening at port 2022","level":"info"}
{"message":"connected to the database..","level":"info"}
{"message":"listening at port 2022","level":"info"}
{"message":"connected to the database..","level":"info"}
{"message":"listening at port 2022","level":"info"}
{"message":"connected to the database..","level":"info"}
{"message":"listening at port 2022","level":"info"}
{"message":"connected to the database..","level":"info"}
{"message":"listening at port 2022","level":"info"}
{"message":"connected to the database..","level":"info"}
{"level":"error","message":"cart is not defined cart is not defined","stack":"ReferenceError: cart is not defined\n    at C:\\Users\\Echelon\\Documents\\new-node\\proj2\\routes\\users.js:98:23\n    at processTicksAndRejections (internal/process/task_queues.js:93:5)"}
{"message":"listening at port 2022","level":"info"}
{"message":"connected to the database..","level":"info"}
{"message":"listening at port 2022","level":"info"}
{"message":"connected to the database..","level":"info"}
{"message":"listening at port 2022","level":"info"}
{"message":"connected to the database..","level":"info"}
{"level":"error","message":"cart is not defined cart is not defined","stack":"ReferenceError: cart is not defined\n    at C:\\Users\\Echelon\\Documents\\new-node\\proj2\\routes\\users.js:124:23\n    at processTicksAndRejections (internal/process/task_queues.js:93:5)"}
{"message":"listening at port 2022","level":"info"}
{"message":"connected to the database..","level":"info"}
{"message":"listening at port 2022","level":"info"}
{"message":"connected to the database..","level":"info"}
{"message":"listening at port 2022","level":"info"}
{"message":"connected to the database..","level":"info"}
{"message":"listening at port 2022","level":"info"}
{"message":"connected to the database..","level":"info"}
{"message":"listening at port 2022","level":"info"}
{"message":"connected to the database..","level":"info"}
{"message":"listening at port 2022","level":"info"}
{"message":"connected to the database..","level":"info"}
{"message":"listening at port 2022","level":"info"}
{"message":"connected to the database..","level":"info"}
{"message":"listening at port 2022","level":"info"}
{"message":"connected to the database..","level":"info"}
{"message":"listening at port 2022","level":"info"}
{"message":"connected to the database..","level":"info"}
{"message":"listening at port 2022","level":"info"}
{"message":"listening at port 2022","level":"info"}
{"message":"connected to the database..","level":"info"}
{"message":"listening at port 2022","level":"info"}
{"message":"connected to the database..","level":"info"}
{"message":"listening at port 2022","level":"info"}
{"message":"connected to the database..","level":"info"}
{"message":"listening at port 2022","level":"info"}
{"message":"connected to the database..","level":"info"}
{"message":"listening at port 2022","level":"info"}
{"message":"connected to the database..","level":"info"}
{"message":"listening at port 2022","level":"info"}
{"message":"connected to the database..","level":"info"}
{"message":"listening at port 2022","level":"info"}
{"message":"connected to the database..","level":"info"}
{"message":"listening at port 2022","level":"info"}
{"message":"connected to the database..","level":"info"}
{"message":"listening at port 2022","level":"info"}
{"message":"connected to the database..","level":"info"}
{"message":"listening at port 2022","level":"info"}
{"message":"connected to the database..","level":"info"}
{"message":"listening at port 2022","level":"info"}
{"message":"connected to the database..","level":"info"}
{"message":"listening at port 2022","level":"info"}
{"message":"connected to the database..","level":"info"}
{"message":"listening at port 2022","level":"info"}
{"message":"connected to the database..","level":"info"}
{"message":"listening at port 2022","level":"info"}
{"message":"connected to the database..","level":"info"}
{"message":"listening at port 2022","level":"info"}
{"message":"connected to the database..","level":"info"}
{"message":"listening at port 2022","level":"info"}
{"message":"connected to the database..","level":"info"}
{"message":"listening at port 2022","level":"info"}
{"message":"connected to the database..","level":"info"}
{"message":"listening at port 2022","level":"info"}
{"message":"connected to the database..","level":"info"}
{"message":"listening at port 2022","level":"info"}
{"message":"connected to the database..","level":"info"}
{"message":"listening at port 2022","level":"info"}
{"message":"connected to the database..","level":"info"}
{"message":"listening at port 2022","level":"info"}
{"message":"connected to the database..","level":"info"}
{"message":"listening at port 2022","level":"info"}
{"message":"connected to the database..","level":"info"}
{"message":"listening at port 2022","level":"info"}
{"message":"connected to the database..","level":"info"}
{"message":"listening at port 2022","level":"info"}
{"message":"connected to the database..","level":"info"}
{"message":"listening at port 2022","level":"info"}
{"message":"connected to the database..","level":"info"}
{"message":"listening at port 2022","level":"info"}
{"message":"connected to the database..","level":"info"}
{"message":"listening at port 2022","level":"info"}
{"message":"connected to the database..","level":"info"}
{"message":"listening at port 2022","level":"info"}
{"message":"connected to the database..","level":"info"}
{"message":"listening at port 2022","level":"info"}
{"message":"connected to the database..","level":"info"}
{"message":"listening at port 2022","level":"info"}
{"message":"connected to the database..","level":"info"}
{"message":"listening at port 2022","level":"info"}
{"message":"connected to the database..","level":"info"}
{"message":"listening at port 2022","level":"info"}
{"message":"connected to the database..","level":"info"}
{"message":"listening at port 2022","level":"info"}
{"message":"connected to the database..","level":"info"}
{"message":"listening at port 2022","level":"info"}
{"message":"connected to the database..","level":"info"}
{"message":"listening at port 2022","level":"info"}
{"message":"connected to the database..","level":"info"}
{"message":"listening at port 2022","level":"info"}
{"message":"connected to the database..","level":"info"}
{"message":"listening at port 2022","level":"info"}
{"message":"connected to the database..","level":"info"}
{"message":"listening at port 2022","level":"info"}
{"message":"connected to the database..","level":"info"}
{"message":"listening at port 2022","level":"info"}
{"message":"connected to the database..","level":"info"}
{"message":"listening at port 2022","level":"info"}
{"message":"connected to the database..","level":"info"}
{"message":"listening at port 2022","level":"info"}
{"message":"connected to the database..","level":"info"}
{"message":"listening at port 2022","level":"info"}
{"message":"connected to the database..","level":"info"}
{"message":"listening at port 2022","level":"info"}
{"message":"connected to the database..","level":"info"}
{"message":"listening at port 2022","level":"info"}
{"message":"connected to the database..","level":"info"}
{"message":"listening at port 2022","level":"info"}
{"message":"connected to the database..","level":"info"}
{"message":"listening at port 2022","level":"info"}
{"message":"connected to the database..","level":"info"}
{"message":"listening at port 2022","level":"info"}
{"message":"connected to the database..","level":"info"}
{"message":"listening at port 2022","level":"info"}
{"message":"connected to the database..","level":"info"}
{"message":"listening at port 2022","level":"info"}
{"message":"connected to the database..","level":"info"}
{"message":"listening at port 2022","level":"info"}
{"message":"connected to the database..","level":"info"}
{"message":"listening at port 2022","level":"info"}
{"message":"connected to the database..","level":"info"}
{"message":"listening at port 2022","level":"info"}
{"message":"connected to the database..","level":"info"}
{"message":"listening at port 2022","level":"info"}
{"message":"connected to the database..","level":"info"}
{"message":"listening at port 2022","level":"info"}
{"message":"connected to the database..","level":"info"}
{"message":"listening at port 2022","level":"info"}
{"message":"connected to the database..","level":"info"}
{"message":"listening at port 2022","level":"info"}
{"message":"connected to the database..","level":"info"}
{"message":"listening at port 2022","level":"info"}
{"message":"connected to the database..","level":"info"}
{"message":"listening at port 2022","level":"info"}
{"message":"connected to the database..","level":"info"}
{"message":"listening at port 2022","level":"info"}
{"message":"connected to the database..","level":"info"}
{"message":"listening at port 2022","level":"info"}
{"message":"connected to the database..","level":"info"}
{"message":"listening at port 2022","level":"info"}
{"message":"connected to the database..","level":"info"}
{"message":"listening at port 2022","level":"info"}
{"message":"connected to the database..","level":"info"}
{"message":"listening at port 2022","level":"info"}
{"message":"connected to the database..","level":"info"}
{"message":"listening at port 2022","level":"info"}
{"message":"connected to the database..","level":"info"}
{"message":"listening at port 2022","level":"info"}
{"message":"connected to the database..","level":"info"}
{"message":"listening at port 2022","level":"info"}
{"message":"connected to the database..","level":"info"}
{"message":"listening at port 2022","level":"info"}
{"message":"connected to the database..","level":"info"}
{"message":"listening at port 2022","level":"info"}
{"message":"connected to the database..","level":"info"}
{"message":"listening at port 2022","level":"info"}
{"message":"connected to the database..","level":"info"}
{"message":"listening at port 2022","level":"info"}
{"message":"connected to the database..","level":"info"}
{"message":"listening at port 2022","level":"info"}
{"message":"connected to the database..","level":"info"}
{"message":"listening at port 2022","level":"info"}
{"message":"connected to the database..","level":"info"}
{"message":"listening at port 2022","level":"info"}
{"message":"connected to the database..","level":"info"}
{"message":"listening at port 2022","level":"info"}
{"message":"connected to the database..","level":"info"}
{"message":"listening at port 2022","level":"info"}
{"message":"connected to the database..","level":"info"}
{"message":"listening at port 2022","level":"info"}
{"message":"connected to the database..","level":"info"}
{"message":"listening at port 2022","level":"info"}
{"message":"connected to the database..","level":"info"}
{"message":"listening at port 2022","level":"info"}
{"message":"connected to the database..","level":"info"}
{"message":"listening at port 2022","level":"info"}
{"message":"connected to the database..","level":"info"}
{"message":"listening at port 2022","level":"info"}
{"message":"connected to the database..","level":"info"}
{"message":"listening at port 2022","level":"info"}
{"message":"connected to the database..","level":"info"}
{"message":"listening at port 2022","level":"info"}
{"message":"listening at port 2022","level":"info"}
{"message":"connected to the database..","level":"info"}
{"message":"listening at port 2022","level":"info"}
{"message":"connected to the database..","level":"info"}
{"message":"listening at port 2022","level":"info"}
{"message":"connected to the database..","level":"info"}
{"message":"listening at port 2022","level":"info"}
{"message":"connected to the database..","level":"info"}
{"message":"listening at port 2022","level":"info"}
{"message":"connected to the database..","level":"info"}
{"level":"error","message":"id is not defined id is not defined","stack":"ReferenceError: id is not defined\n    at C:\\Users\\Echelon\\Documents\\new-node\\proj2\\routes\\products.js:110:48\n    at Layer.handle [as handle_request] (C:\\Users\\Echelon\\Documents\\new-node\\proj2\\node_modules\\express\\lib\\router\\layer.js:95:5)\n    at next (C:\\Users\\Echelon\\Documents\\new-node\\proj2\\node_modules\\express\\lib\\router\\route.js:137:13)\n    at Route.dispatch (C:\\Users\\Echelon\\Documents\\new-node\\proj2\\node_modules\\express\\lib\\router\\route.js:112:3)\n    at Layer.handle [as handle_request] (C:\\Users\\Echelon\\Documents\\new-node\\proj2\\node_modules\\express\\lib\\router\\layer.js:95:5)\n    at C:\\Users\\Echelon\\Documents\\new-node\\proj2\\node_modules\\express\\lib\\router\\index.js:281:22\n    at param (C:\\Users\\Echelon\\Documents\\new-node\\proj2\\node_modules\\express\\lib\\router\\index.js:354:14)\n    at param (C:\\Users\\Echelon\\Documents\\new-node\\proj2\\node_modules\\express\\lib\\router\\index.js:365:14)\n    at Function.process_params (C:\\Users\\Echelon\\Documents\\new-node\\proj2\\node_modules\\express\\lib\\router\\index.js:410:3)\n    at next (C:\\Users\\Echelon\\Documents\\new-node\\proj2\\node_modules\\express\\lib\\router\\index.js:275:10)\n    at Function.handle (C:\\Users\\Echelon\\Documents\\new-node\\proj2\\node_modules\\express\\lib\\router\\index.js:174:3)\n    at router (C:\\Users\\Echelon\\Documents\\new-node\\proj2\\node_modules\\express\\lib\\router\\index.js:47:12)\n    at Layer.handle [as handle_request] (C:\\Users\\Echelon\\Documents\\new-node\\proj2\\node_modules\\express\\lib\\router\\layer.js:95:5)\n    at trim_prefix (C:\\Users\\Echelon\\Documents\\new-node\\proj2\\node_modules\\express\\lib\\router\\index.js:317:13)\n    at C:\\Users\\Echelon\\Documents\\new-node\\proj2\\node_modules\\express\\lib\\router\\index.js:284:7\n    at Function.process_params (C:\\Users\\Echelon\\Documents\\new-node\\proj2\\node_modules\\express\\lib\\router\\index.js:335:12)"}
{"message":"listening at port 2022","level":"info"}
{"message":"connected to the database..","level":"info"}
{"errors":{"amountInStock":{"stringValue":"\"NaN\"","valueType":"number","kind":"Number","value":null,"path":"amountInStock","reason":{"generatedMessage":true,"code":"ERR_ASSERTION","actual":false,"expected":true,"operator":"=="},"name":"CastError","message":"Cast to Number failed for value \"NaN\" (type number) at path \"amountInStock\""}},"_message":"Product validation failed","level":"error","message":"Product validation failed: amountInStock: Cast to Number failed for value \"NaN\" (type number) at path \"amountInStock\" Product validation failed: amountInStock: Cast to Number failed for value \"NaN\" (type number) at path \"amountInStock\"","stack":"ValidationError: Product validation failed: amountInStock: Cast to Number failed for value \"NaN\" (type number) at path \"amountInStock\"\n    at model.Document.invalidate (C:\\Users\\Echelon\\Documents\\new-node\\proj2\\node_modules\\mongoose\\lib\\document.js:2730:32)\n    at model.$set (C:\\Users\\Echelon\\Documents\\new-node\\proj2\\node_modules\\mongoose\\lib\\document.js:1319:12)\n    at model.set [as amountInStock] (C:\\Users\\Echelon\\Documents\\new-node\\proj2\\node_modules\\mongoose\\lib\\helpers\\document\\compile.js:179:19)\n    at C:\\Users\\Echelon\\Documents\\new-node\\proj2\\routes\\products.js:119:35\n    at processTicksAndRejections (internal/process/task_queues.js:93:5)"}
{"message":"listening at port 2022","level":"info"}
{"message":"connected to the database..","level":"info"}
{"errors":{"amountInStock":{"stringValue":"\"NaN\"","valueType":"number","kind":"Number","value":null,"path":"amountInStock","reason":{"generatedMessage":true,"code":"ERR_ASSERTION","actual":false,"expected":true,"operator":"=="},"name":"CastError","message":"Cast to Number failed for value \"NaN\" (type number) at path \"amountInStock\""}},"_message":"Product validation failed","level":"error","message":"Product validation failed: amountInStock: Cast to Number failed for value \"NaN\" (type number) at path \"amountInStock\" Product validation failed: amountInStock: Cast to Number failed for value \"NaN\" (type number) at path \"amountInStock\"","stack":"ValidationError: Product validation failed: amountInStock: Cast to Number failed for value \"NaN\" (type number) at path \"amountInStock\"\n    at model.Document.invalidate (C:\\Users\\Echelon\\Documents\\new-node\\proj2\\node_modules\\mongoose\\lib\\document.js:2730:32)\n    at model.$set (C:\\Users\\Echelon\\Documents\\new-node\\proj2\\node_modules\\mongoose\\lib\\document.js:1319:12)\n    at model.set [as amountInStock] (C:\\Users\\Echelon\\Documents\\new-node\\proj2\\node_modules\\mongoose\\lib\\helpers\\document\\compile.js:179:19)\n    at C:\\Users\\Echelon\\Documents\\new-node\\proj2\\routes\\products.js:119:35\n    at processTicksAndRejections (internal/process/task_queues.js:93:5)"}
{"message":"listening at port 2022","level":"info"}
{"message":"connected to the database..","level":"info"}
{"message":"listening at port 2022","level":"info"}
{"message":"connected to the database..","level":"info"}
{"message":"listening at port 2022","level":"info"}
{"message":"connected to the database..","level":"info"}
{"message":"listening at port 2022","level":"info"}
{"message":"connected to the database..","level":"info"}
{"message":"listening at port 2022","level":"info"}
{"message":"connected to the database..","level":"info"}
{"message":"listening at port 2022","level":"info"}
{"message":"connected to the database..","level":"info"}
{"message":"listening at port 2022","level":"info"}
{"message":"connected to the database..","level":"info"}
{"message":"listening at port 2022","level":"info"}
{"message":"connected to the database..","level":"info"}
{"message":"listening at port 2022","level":"info"}
{"message":"connected to the database..","level":"info"}
{"message":"listening at port 2022","level":"info"}
{"message":"connected to the database..","level":"info"}
{"message":"listening at port 2022","level":"info"}
{"message":"connected to the database..","level":"info"}
{"message":"listening at port 2022","level":"info"}
{"message":"connected to the database..","level":"info"}
{"message":"listening at port 2022","level":"info"}
{"message":"connected to the database..","level":"info"}
{"message":"listening at port 2022","level":"info"}
{"message":"connected to the database..","level":"info"}
